Traceback (most recent call last):
  File "/Users/angadhnanjangud/opt/anaconda3/envs/computational-mechanics-example/lib/python3.8/site-packages/jupyter_cache/executors/utils.py", line 58, in single_nb_execution
    executenb(
  File "/Users/angadhnanjangud/opt/anaconda3/envs/computational-mechanics-example/lib/python3.8/site-packages/nbclient/client.py", line 1305, in execute
    return NotebookClient(nb=nb, resources=resources, km=km, **kwargs).execute()
  File "/Users/angadhnanjangud/opt/anaconda3/envs/computational-mechanics-example/lib/python3.8/site-packages/jupyter_core/utils/__init__.py", line 165, in wrapped
    return loop.run_until_complete(inner)
  File "/Users/angadhnanjangud/opt/anaconda3/envs/computational-mechanics-example/lib/python3.8/asyncio/base_events.py", line 616, in run_until_complete
    return future.result()
  File "/Users/angadhnanjangud/opt/anaconda3/envs/computational-mechanics-example/lib/python3.8/site-packages/nbclient/client.py", line 705, in async_execute
    await self.async_execute_cell(
  File "/Users/angadhnanjangud/opt/anaconda3/envs/computational-mechanics-example/lib/python3.8/site-packages/nbclient/client.py", line 1058, in async_execute_cell
    await self._check_raise_for_error(cell, cell_index, exec_reply)
  File "/Users/angadhnanjangud/opt/anaconda3/envs/computational-mechanics-example/lib/python3.8/site-packages/nbclient/client.py", line 914, in _check_raise_for_error
    raise CellExecutionError.from_cell_and_msg(cell, exec_reply_content)
nbclient.exceptions.CellExecutionError: An error occurred while executing the following cell:
------------------
r_vec.dt(A)
------------------


[0;31m---------------------------------------------------------------------------[0m
[0;31mValueError[0m                                Traceback (most recent call last)
Cell [0;32mIn[13], line 1[0m
[0;32m----> 1[0m [43mr_vec[49m[38;5;241;43m.[39;49m[43mdt[49m[43m([49m[43mA[49m[43m)[49m

File [0;32m~/opt/anaconda3/envs/computational-mechanics-example/lib/python3.8/site-packages/sympy/physics/vector/vector.py:654[0m, in [0;36mVector.dt[0;34m(self, otherframe)[0m
[1;32m    640[0m [38;5;250m[39m[38;5;124;03m"""[39;00m
[1;32m    641[0m [38;5;124;03mReturns a Vector which is the time derivative of[39;00m
[1;32m    642[0m [38;5;124;03mthe self Vector, taken in frame otherframe.[39;00m
[0;32m   (...)[0m
[1;32m    651[0m 
[1;32m    652[0m [38;5;124;03m"""[39;00m
[1;32m    653[0m [38;5;28;01mfrom[39;00m [38;5;21;01msympy[39;00m[38;5;21;01m.[39;00m[38;5;21;01mphysics[39;00m[38;5;21;01m.[39;00m[38;5;21;01mvector[39;00m [38;5;28;01mimport[39;00m time_derivative
[0;32m--> 654[0m [38;5;28;01mreturn[39;00m [43mtime_derivative[49m[43m([49m[38;5;28;43mself[39;49m[43m,[49m[43m [49m[43motherframe[49m[43m)[49m

File [0;32m~/opt/anaconda3/envs/computational-mechanics-example/lib/python3.8/site-packages/sympy/physics/vector/functions.py:207[0m, in [0;36mtime_derivative[0;34m(expr, frame, order)[0m
[1;32m    203[0m         outlist [38;5;241m+[39m[38;5;241m=[39m [(express(v[[38;5;241m0[39m], frame, variables[38;5;241m=[39m[38;5;28;01mTrue[39;00m)[38;5;241m.[39mdiff(t),
[1;32m    204[0m                      frame)]
[1;32m    205[0m     [38;5;28;01melse[39;00m:
[1;32m    206[0m         outlist [38;5;241m+[39m[38;5;241m=[39m (time_derivative(Vector([v]), v[[38;5;241m1[39m]) [38;5;241m+[39m
[0;32m--> 207[0m                     ([43mv[49m[43m[[49m[38;5;241;43m1[39;49m[43m][49m[38;5;241;43m.[39;49m[43mang_vel_in[49m[43m([49m[43mframe[49m[43m)[49m [38;5;241m^[39m Vector([v])))[38;5;241m.[39margs
[1;32m    208[0m outvec [38;5;241m=[39m Vector(outlist)
[1;32m    209[0m [38;5;28;01mreturn[39;00m time_derivative(outvec, frame, order [38;5;241m-[39m [38;5;241m1[39m)

File [0;32m~/opt/anaconda3/envs/computational-mechanics-example/lib/python3.8/site-packages/sympy/physics/vector/frame.py:449[0m, in [0;36mReferenceFrame.ang_vel_in[0;34m(self, otherframe)[0m
[1;32m    420[0m [38;5;250m[39m[38;5;124;03m"""Returns the angular velocity Vector of the ReferenceFrame.[39;00m
[1;32m    421[0m 
[1;32m    422[0m [38;5;124;03mEffectively returns the Vector:[39;00m
[0;32m   (...)[0m
[1;32m    445[0m 
[1;32m    446[0m [38;5;124;03m"""[39;00m
[1;32m    448[0m _check_frame(otherframe)
[0;32m--> 449[0m flist [38;5;241m=[39m [38;5;28;43mself[39;49m[38;5;241;43m.[39;49m[43m_dict_list[49m[43m([49m[43motherframe[49m[43m,[49m[43m [49m[38;5;241;43m1[39;49m[43m)[49m
[1;32m    450[0m outvec [38;5;241m=[39m Vector([38;5;241m0[39m)
[1;32m    451[0m [38;5;28;01mfor[39;00m i [38;5;129;01min[39;00m [38;5;28mrange[39m([38;5;28mlen[39m(flist) [38;5;241m-[39m [38;5;241m1[39m):

File [0;32m~/opt/anaconda3/envs/computational-mechanics-example/lib/python3.8/site-packages/sympy/physics/vector/frame.py:328[0m, in [0;36mReferenceFrame._dict_list[0;34m(self, other, num)[0m
[1;32m    325[0m     [38;5;28;01mreturn[39;00m possible_connecting_paths[[38;5;241m0[39m]  [38;5;66;03m# selects the shortest path[39;00m
[1;32m    327[0m msg [38;5;241m=[39m [38;5;124m'[39m[38;5;124mNo connecting [39m[38;5;132;01m{}[39;00m[38;5;124m path found between [39m[38;5;132;01m{}[39;00m[38;5;124m and [39m[38;5;132;01m{}[39;00m[38;5;124m.[39m[38;5;124m'[39m
[0;32m--> 328[0m [38;5;28;01mraise[39;00m [38;5;167;01mValueError[39;00m(msg[38;5;241m.[39mformat(connect_type[num], [38;5;28mself[39m[38;5;241m.[39mname, other[38;5;241m.[39mname))

[0;31mValueError[0m: No connecting angular velocity path found between B and A.

